<?xml version="1.0" encoding="UTF-8"?>
<!-- Generated by org.testng.reporters.JUnitReportReporter -->
<testsuite hostname="SagarP" failures="0" tests="2" name="practiceTestNg.ParameterStudy" time="59.145" errors="0" timestamp="2023-07-30T16:04:54 IST" skipped="0">
  <testcase classname="practiceTestNg.ParameterStudy" name="fb" time="37.489"/>
  <testcase classname="practiceTestNg.ParameterStudy" name="fb" time="21.656"/>
</testsuite> <!-- practiceTestNg.ParameterStudy -->
