<?xml version="1.0" encoding="UTF-8"?>
<!-- Generated by org.testng.reporters.JUnitReportReporter -->
<testsuite hostname="SagarP" failures="0" tests="3" name="testNGStudy.Group1" time="0.025" errors="0" timestamp="2023-07-13T16:24:22 IST" skipped="0">
  <testcase classname="testNGStudy.Group1" name="D" time="0.009">
    <system-out>
      <![CDATA[D is running]]>
    </system-out>
  </testcase> <!-- D -->
  <testcase classname="testNGStudy.Group1" name="C" time="0.008">
    <system-out>
      <![CDATA[C is running]]>
    </system-out>
  </testcase> <!-- C -->
  <testcase classname="testNGStudy.Group1" name="A" time="0.008">
    <system-out>
      <![CDATA[A is running]]>
    </system-out>
  </testcase> <!-- A -->
  <system-out>
    <![CDATA[F is running
G is running
A is running
C is running
D is running]]>
  </system-out>
</testsuite> <!-- testNGStudy.Group1 -->
