<?xml version="1.0" encoding="UTF-8"?>
<!-- Generated by org.testng.reporters.JUnitReportReporter -->
<testsuite hostname="SagarP" failures="0" tests="5" name="testNGStudy.KeywordsOfTestNG" time="0.083" errors="0" timestamp="2023-07-13T16:07:59 IST" skipped="0">
  <testcase classname="testNGStudy.KeywordsOfTestNG" name="kalyani" time="0.029">
    <system-out>
      <![CDATA[My name is kalyani]]>
    </system-out>
  </testcase> <!-- kalyani -->
  <testcase classname="testNGStudy.KeywordsOfTestNG" name="pallavi" time="0.025">
    <system-out>
      <![CDATA[My name is pallavi]]>
    </system-out>
  </testcase> <!-- pallavi -->
  <testcase classname="testNGStudy.KeywordsOfTestNG" name="priya" time="0.014">
    <system-out>
      <![CDATA[My name is priya]]>
    </system-out>
  </testcase> <!-- priya -->
  <testcase classname="testNGStudy.KeywordsOfTestNG" name="kalyani" time="0.011">
    <system-out>
      <![CDATA[My name is kalyani]]>
    </system-out>
  </testcase> <!-- kalyani -->
  <testcase classname="testNGStudy.KeywordsOfTestNG" name="riddhi" time="0.004">
    <system-out>
      <![CDATA[My name is Riddhi]]>
    </system-out>
  </testcase> <!-- riddhi -->
  <system-out>
    <![CDATA[My name is kalyani
My name is kalyani
My name is pallavi
My name is Riddhi
My name is priya]]>
  </system-out>
</testsuite> <!-- testNGStudy.KeywordsOfTestNG -->
