<?xml version="1.0" encoding="UTF-8"?>
<!-- Generated by org.testng.reporters.JUnitReportReporter -->
<testsuite hostname="SagarP" failures="0" tests="2" name="testNGStudy.IncludeExclude2" time="0.038" errors="0" timestamp="2023-07-13T16:19:14 IST" skipped="0">
  <testcase classname="testNGStudy.IncludeExclude2" name="F" time="0.025">
    <system-out>
      <![CDATA[B is running]]>
    </system-out>
  </testcase> <!-- F -->
  <testcase classname="testNGStudy.IncludeExclude2" name="H" time="0.013">
    <system-out>
      <![CDATA[H is running]]>
    </system-out>
  </testcase> <!-- H -->
  <system-out>
    <![CDATA[A is running
C is running
B is running
H is running]]>
  </system-out>
</testsuite> <!-- testNGStudy.IncludeExclude2 -->
