<?xml version="1.0" encoding="UTF-8"?>
<!-- Generated by org.testng.reporters.JUnitReportReporter -->
<testsuite hostname="SagarP" failures="0" tests="1" name="zohoPom.ZohoTestProp" time="0.149" errors="0" timestamp="2023-07-14T19:14:02 IST" skipped="0">
  <testcase classname="zohoPom.ZohoTestProp" name="VerifyUn" time="0.149">
    <system-out>
      <![CDATA[TC executions is Start...
TC successfully run...]]>
    </system-out>
  </testcase> <!-- VerifyUn -->
  <system-out>
    <![CDATA[Browser Launch successfully.. 
TC executions is Start...
TC successfully run...]]>
  </system-out>
</testsuite> <!-- zohoPom.ZohoTestProp -->
