<?xml version="1.0" encoding="UTF-8"?>
<!-- Generated by org.testng.reporters.JUnitReportReporter -->
<testsuite hostname="SagarP" failures="0" tests="1" name="testNGStudy.SerialParallel2" time="14.609" errors="0" timestamp="2023-07-13T16:37:48 IST" skipped="0">
  <testcase classname="testNGStudy.SerialParallel2" name="insta" time="14.609">
    <system-out>
      <![CDATA[insta is running]]>
    </system-out>
  </testcase> <!-- insta -->
  <system-out>
    <![CDATA[insta is running
fb is running]]>
  </system-out>
</testsuite> <!-- testNGStudy.SerialParallel2 -->
