<?xml version="1.0" encoding="UTF-8"?>
<!-- Generated by org.testng.reporters.JUnitReportReporter -->
<testsuite hostname="SagarP" failures="0" tests="2" name="testNGStudy.IncludeExclude" time="0.040" errors="0" timestamp="2023-07-13T16:19:14 IST" skipped="0">
  <testcase classname="testNGStudy.IncludeExclude" name="A" time="0.032">
    <system-out>
      <![CDATA[A is running]]>
    </system-out>
  </testcase> <!-- A -->
  <testcase classname="testNGStudy.IncludeExclude" name="C" time="0.008">
    <system-out>
      <![CDATA[C is running]]>
    </system-out>
  </testcase> <!-- C -->
  <system-out>
    <![CDATA[A is running
C is running
B is running
H is running]]>
  </system-out>
</testsuite> <!-- testNGStudy.IncludeExclude -->
