<?xml version="1.0" encoding="UTF-8"?>
<!-- Generated by org.testng.reporters.JUnitReportReporter -->
<testsuite hostname="SagarP" failures="0" tests="2" name="testNGStudy.CrossBrowsers" time="57.050" errors="0" timestamp="2023-07-13T17:06:29 IST" skipped="0">
  <testcase classname="testNGStudy.CrossBrowsers" name="f" time="45.995"/>
  <testcase classname="testNGStudy.CrossBrowsers" name="f" time="11.055"/>
</testsuite> <!-- testNGStudy.CrossBrowsers -->
