<?xml version="1.0" encoding="UTF-8"?>
<!-- Generated by org.testng.reporters.JUnitReportReporter -->
<testsuite hostname="SagarP" failures="0" tests="5" name="practiceTestNg.SrPl1" time="0.065" errors="0" timestamp="2023-07-30T15:24:57 IST" skipped="0">
  <testcase classname="practiceTestNg.SrPl1" name="b" time="0.007">
    <system-out>
      <![CDATA[ B is running]]>
    </system-out>
  </testcase> <!-- b -->
  <testcase classname="practiceTestNg.SrPl1" name="e" time="0.006">
    <system-out>
      <![CDATA[ E is running]]>
    </system-out>
  </testcase> <!-- e -->
  <testcase classname="practiceTestNg.SrPl1" name="a" time="0.032">
    <system-out>
      <![CDATA[ A is running]]>
    </system-out>
  </testcase> <!-- a -->
  <testcase classname="practiceTestNg.SrPl1" name="d" time="0.016">
    <system-out>
      <![CDATA[ D is running]]>
    </system-out>
  </testcase> <!-- d -->
  <testcase classname="practiceTestNg.SrPl1" name="c" time="0.004">
    <system-out>
      <![CDATA[ C is running]]>
    </system-out>
  </testcase> <!-- c -->
  <system-out>
    <![CDATA[ A is running
 F is running
 B is running
 C is running
 D is running
 E is running
 G is running
 H is running
 I is running
 J is running]]>
  </system-out>
</testsuite> <!-- practiceTestNg.SrPl1 -->
