<?xml version="1.0" encoding="UTF-8"?>
<!-- Generated by org.testng.reporters.JUnitReportReporter -->
<testsuite hostname="SagarP" failures="0" tests="5" name="practiceTestNg.SrPl2" time="0.067" errors="0" timestamp="2023-07-30T15:24:57 IST" skipped="0">
  <testcase classname="practiceTestNg.SrPl2" name="f" time="0.028">
    <system-out>
      <![CDATA[ F is running]]>
    </system-out>
  </testcase> <!-- f -->
  <testcase classname="practiceTestNg.SrPl2" name="g" time="0.012">
    <system-out>
      <![CDATA[ G is running]]>
    </system-out>
  </testcase> <!-- g -->
  <testcase classname="practiceTestNg.SrPl2" name="h" time="0.009">
    <system-out>
      <![CDATA[ H is running]]>
    </system-out>
  </testcase> <!-- h -->
  <testcase classname="practiceTestNg.SrPl2" name="i" time="0.008">
    <system-out>
      <![CDATA[ I is running]]>
    </system-out>
  </testcase> <!-- i -->
  <testcase classname="practiceTestNg.SrPl2" name="j" time="0.010">
    <system-out>
      <![CDATA[ J is running]]>
    </system-out>
  </testcase> <!-- j -->
  <system-out>
    <![CDATA[ A is running
 F is running
 B is running
 C is running
 D is running
 E is running
 G is running
 H is running
 I is running
 J is running]]>
  </system-out>
</testsuite> <!-- practiceTestNg.SrPl2 -->
