<?xml version="1.0" encoding="UTF-8"?>
<!-- Generated by org.testng.reporters.JUnitReportReporter -->
<testsuite hostname="SagarP" failures="0" tests="6" name="practiceTestNg.IncludeExclude" time="0.068" errors="0" timestamp="2023-07-30T14:45:26 IST" skipped="1">
  <testcase classname="practiceTestNg.IncludeExclude" name="d" time="0.028">
    <system-out>
      <![CDATA[ D is running]]>
    </system-out>
  </testcase> <!-- d -->
  <testcase classname="practiceTestNg.IncludeExclude" name="a" time="0.011">
    <system-out>
      <![CDATA[ A is running]]>
    </system-out>
  </testcase> <!-- a -->
  <testcase classname="practiceTestNg.IncludeExclude" name="c" time="0.008">
    <system-out>
      <![CDATA[ C is running]]>
    </system-out>
  </testcase> <!-- c -->
  <testcase classname="practiceTestNg.IncludeExclude" name="a" time="0.013">
    <system-out>
      <![CDATA[ A is running]]>
    </system-out>
  </testcase> <!-- a -->
  <testcase classname="practiceTestNg.IncludeExclude" name="a" time="0.008">
    <system-out>
      <![CDATA[ A is running]]>
    </system-out>
  </testcase> <!-- a -->
  <testcase classname="practiceTestNg.IncludeExclude" name="e">
    <skipped/>
  </testcase> <!-- e -->
  <system-out>
    <![CDATA[ D is running
 A is running
 A is running
 A is running
 C is running
 I is running
 F is running
 F is running
 F is running
 G is running]]>
  </system-out>
</testsuite> <!-- practiceTestNg.IncludeExclude -->
