<?xml version="1.0" encoding="UTF-8"?>
<!-- Generated by org.testng.reporters.JUnitReportReporter -->
<testsuite hostname="SagarP" failures="0" tests="2" name="testNGStudy.Group2" time="0.040" errors="0" timestamp="2023-07-13T16:24:22 IST" skipped="0">
  <testcase classname="testNGStudy.Group2" name="G" time="0.007">
    <system-out>
      <![CDATA[G is running]]>
    </system-out>
  </testcase> <!-- G -->
  <testcase classname="testNGStudy.Group2" name="F" time="0.033">
    <system-out>
      <![CDATA[F is running]]>
    </system-out>
  </testcase> <!-- F -->
  <system-out>
    <![CDATA[F is running
G is running
A is running
C is running
D is running]]>
  </system-out>
</testsuite> <!-- testNGStudy.Group2 -->
