<?xml version="1.0" encoding="UTF-8"?>
<!-- Generated by org.testng.reporters.JUnitReportReporter -->
<testsuite hostname="SagarP" failures="0" tests="3" name="practiceTestNg.Group1" time="0.071" errors="0" timestamp="2023-07-30T15:14:24 IST" skipped="0">
  <testcase classname="practiceTestNg.Group1" name="i" time="0.038">
    <system-out>
      <![CDATA[ I is running]]>
    </system-out>
  </testcase> <!-- i -->
  <testcase classname="practiceTestNg.Group1" name="h" time="0.012">
    <system-out>
      <![CDATA[ H is running]]>
    </system-out>
  </testcase> <!-- h -->
  <testcase classname="practiceTestNg.Group1" name="f" time="0.021">
    <system-out>
      <![CDATA[ F is running]]>
    </system-out>
  </testcase> <!-- f -->
  <system-out>
    <![CDATA[ C is running
 D is running
 I is running
 F is running
 H is running]]>
  </system-out>
</testsuite> <!-- practiceTestNg.Group1 -->
