<?xml version="1.0" encoding="UTF-8"?>
<!-- Generated by org.testng.reporters.JUnitReportReporter -->
<testsuite hostname="SagarP" failures="0" tests="7" name="practiceTestNg.TestNGKeywords" time="0.069" errors="0" timestamp="2023-07-30T14:36:27 IST" skipped="1">
  <testcase classname="practiceTestNg.TestNGKeywords" name="d" time="0.024">
    <system-out>
      <![CDATA[ D is running]]>
    </system-out>
  </testcase> <!-- d -->
  <testcase classname="practiceTestNg.TestNGKeywords" name="c" time="0.006">
    <system-out>
      <![CDATA[ C is running]]>
    </system-out>
  </testcase> <!-- c -->
  <testcase classname="practiceTestNg.TestNGKeywords" name="a" time="0.006">
    <system-out>
      <![CDATA[ A is running]]>
    </system-out>
  </testcase> <!-- a -->
  <testcase classname="practiceTestNg.TestNGKeywords" name="a" time="0.008">
    <system-out>
      <![CDATA[ A is running]]>
    </system-out>
  </testcase> <!-- a -->
  <testcase classname="practiceTestNg.TestNGKeywords" name="a" time="0.009">
    <system-out>
      <![CDATA[ A is running]]>
    </system-out>
  </testcase> <!-- a -->
  <testcase classname="practiceTestNg.TestNGKeywords" name="b" time="0.016">
    <system-out>
      <![CDATA[ B is running]]>
    </system-out>
  </testcase> <!-- b -->
  <testcase classname="practiceTestNg.TestNGKeywords" name="e">
    <skipped/>
  </testcase> <!-- e -->
  <system-out>
    <![CDATA[ D is running
 A is running
 A is running
 A is running
 B is running
 C is running]]>
  </system-out>
</testsuite> <!-- practiceTestNg.TestNGKeywords -->
