<?xml version="1.0" encoding="UTF-8"?>
<!-- Generated by org.testng.reporters.JUnitReportReporter -->
<testsuite hostname="SagarP" failures="0" tests="1" name="practiceTestNg.InstaOpen" time="25.550" errors="0" timestamp="2023-07-30T15:52:42 IST" skipped="0">
  <testcase classname="practiceTestNg.InstaOpen" name="insta" time="25.550"/>
</testsuite> <!-- practiceTestNg.InstaOpen -->
