<?xml version="1.0" encoding="UTF-8"?>
<!-- Generated by org.testng.reporters.JUnitReportReporter -->
<testsuite hostname="SagarP" failures="0" tests="1" name="zohoPom.ZohoTest" time="0.377" errors="0" timestamp="2023-07-14T17:47:56 IST" skipped="0">
  <testcase classname="zohoPom.ZohoTest" name="VerifyUn" time="0.377"/>
  <system-out>
    <![CDATA[Browser Launch successfully.. ]]>
  </system-out>
</testsuite> <!-- zohoPom.ZohoTest -->
