<?xml version="1.0" encoding="UTF-8"?>
<!-- Generated by org.testng.reporters.JUnitReportReporter -->
<testsuite hostname="SagarP" failures="0" tests="6" name="practiceTestNg.IncludeExclude2" time="0.080" errors="0" timestamp="2023-07-30T14:45:26 IST" skipped="1">
  <testcase classname="practiceTestNg.IncludeExclude2" name="i" time="0.012">
    <system-out>
      <![CDATA[ I is running]]>
    </system-out>
  </testcase> <!-- i -->
  <testcase classname="practiceTestNg.IncludeExclude2" name="g" time="0.029">
    <system-out>
      <![CDATA[ G is running]]>
    </system-out>
  </testcase> <!-- g -->
  <testcase classname="practiceTestNg.IncludeExclude2" name="f" time="0.022">
    <system-out>
      <![CDATA[ F is running]]>
    </system-out>
  </testcase> <!-- f -->
  <testcase classname="practiceTestNg.IncludeExclude2" name="f" time="0.009">
    <system-out>
      <![CDATA[ F is running]]>
    </system-out>
  </testcase> <!-- f -->
  <testcase classname="practiceTestNg.IncludeExclude2" name="f" time="0.008">
    <system-out>
      <![CDATA[ F is running]]>
    </system-out>
  </testcase> <!-- f -->
  <testcase classname="practiceTestNg.IncludeExclude2" name="j">
    <skipped/>
  </testcase> <!-- j -->
  <system-out>
    <![CDATA[ D is running
 A is running
 A is running
 A is running
 C is running
 I is running
 F is running
 F is running
 F is running
 G is running]]>
  </system-out>
</testsuite> <!-- practiceTestNg.IncludeExclude2 -->
