<?xml version="1.0" encoding="UTF-8"?>
<!-- Generated by org.testng.reporters.JUnitReportReporter -->
<testsuite hostname="SagarP" failures="0" tests="3" name="practiceTestNg.DataProvider" time="103.686" errors="0" timestamp="2023-07-31T17:21:19 IST" skipped="0">
  <testcase classname="practiceTestNg.DataProvider" name="f" time="15.156"/>
  <testcase classname="practiceTestNg.DataProvider" name="f" time="42.577"/>
  <testcase classname="practiceTestNg.DataProvider" name="f" time="45.953"/>
</testsuite> <!-- practiceTestNg.DataProvider -->
