<?xml version="1.0" encoding="UTF-8"?>
<!-- Generated by org.testng.reporters.JUnitReportReporter -->
<testsuite hostname="SagarP" failures="0" tests="1" name="practiceTestNg.TestClassFb" time="31.201" errors="0" timestamp="2023-07-30T17:01:22 IST" skipped="0">
  <testcase classname="practiceTestNg.TestClassFb" name="f" time="31.201">
    <system-out>
      <![CDATA[fTC execution start
fTC successfully run]]>
    </system-out>
  </testcase> <!-- f -->
  <system-out>
    <![CDATA[fTC execution start
fTC successfully run]]>
  </system-out>
</testsuite> <!-- practiceTestNg.TestClassFb -->
