<?xml version="1.0" encoding="UTF-8"?>
<!-- Generated by org.testng.reporters.JUnitReportReporter -->
<testsuite hostname="SagarP" failures="0" tests="1" name="practiceTestNg.FailA" time="0.016" errors="0" timestamp="2023-07-30T15:12:17 IST" skipped="0">
  <testcase classname="practiceTestNg.FailA" name="i" time="0.016">
    <system-out>
      <![CDATA[ I is running]]>
    </system-out>
  </testcase> <!-- i -->
  <system-out>
    <![CDATA[ I is running]]>
  </system-out>
</testsuite> <!-- practiceTestNg.FailA -->
