<?xml version="1.0" encoding="UTF-8"?>
<!-- Generated by org.testng.reporters.JUnitReportReporter -->
<testsuite hostname="SagarP" failures="0" tests="1" name="practiceTestNg.FailB" time="0.023" errors="0" timestamp="2023-07-30T15:13:25 IST" skipped="0">
  <testcase classname="practiceTestNg.FailB" name="e" time="0.023">
    <system-out>
      <![CDATA[ E is running]]>
    </system-out>
  </testcase> <!-- e -->
  <system-out>
    <![CDATA[ E is running]]>
  </system-out>
</testsuite> <!-- practiceTestNg.FailB -->
