<?xml version="1.0" encoding="UTF-8"?>
<!-- Generated by org.testng.reporters.JUnitReportReporter -->
<testsuite hostname="SagarP" failures="0" tests="1" name="testNGStudy.SerialParallel1" time="17.137" errors="0" timestamp="2023-07-13T16:37:48 IST" skipped="0">
  <testcase classname="testNGStudy.SerialParallel1" name="fb" time="17.137">
    <system-out>
      <![CDATA[fb is running]]>
    </system-out>
  </testcase> <!-- fb -->
  <system-out>
    <![CDATA[insta is running
fb is running]]>
  </system-out>
</testsuite> <!-- testNGStudy.SerialParallel1 -->
