<?xml version="1.0" encoding="UTF-8"?>
<!-- Generated by org.testng.reporters.JUnitReportReporter -->
<testsuite hostname="SagarP" failures="0" tests="2" name="practiceTestNg.Group2" time="0.022" errors="0" timestamp="2023-07-30T15:14:24 IST" skipped="0">
  <testcase classname="practiceTestNg.Group2" name="c" time="0.019">
    <system-out>
      <![CDATA[ C is running]]>
    </system-out>
  </testcase> <!-- c -->
  <testcase classname="practiceTestNg.Group2" name="d" time="0.003">
    <system-out>
      <![CDATA[ D is running]]>
    </system-out>
  </testcase> <!-- d -->
  <system-out>
    <![CDATA[ C is running
 D is running
 I is running
 F is running
 H is running]]>
  </system-out>
</testsuite> <!-- practiceTestNg.Group2 -->
